CRITICAL - 2022-10-03 09:07:37 --> Undefined index: dni
#0 D:\xampp\htdocs\codeigniter4\app\Views\cursos\editar.php(68): CodeIgniter\Debug\Exceptions->errorHandler(8, 'Undefined index...', 'D:\\xampp\\htdocs...', 68, Array)
#1 D:\xampp\htdocs\codeigniter4\system\View\View.php(210): include('D:\\xampp\\htdocs...')
#2 D:\xampp\htdocs\codeigniter4\system\View\View.php(213): CodeIgniter\View\View->CodeIgniter\View\{closure}()
#3 D:\xampp\htdocs\codeigniter4\system\Common.php(1089): CodeIgniter\View\View->render('cursos/editar', Array, true)
#4 D:\xampp\htdocs\codeigniter4\app\Controllers\Cursos.php(51): view('cursos/editar', Array)
#5 D:\xampp\htdocs\codeigniter4\system\CodeIgniter.php(825): App\Controllers\Cursos->editar('1')
#6 D:\xampp\htdocs\codeigniter4\system\CodeIgniter.php(412): CodeIgniter\CodeIgniter->runController(Object(App\Controllers\Cursos))
#7 D:\xampp\htdocs\codeigniter4\system\CodeIgniter.php(320): CodeIgniter\CodeIgniter->handleRequest(NULL, Object(Config\Cache), false)
#8 D:\xampp\htdocs\codeigniter4\public\index.php(37): CodeIgniter\CodeIgniter->run()
#9 {main}
CRITICAL - 2022-10-03 09:07:47 --> Undefined index: dni
#0 D:\xampp\htdocs\codeigniter4\app\Views\cursos\eliminados.php(71): CodeIgniter\Debug\Exceptions->errorHandler(8, 'Undefined index...', 'D:\\xampp\\htdocs...', 71, Array)
#1 D:\xampp\htdocs\codeigniter4\system\View\View.php(210): include('D:\\xampp\\htdocs...')
#2 D:\xampp\htdocs\codeigniter4\system\View\View.php(213): CodeIgniter\View\View->CodeIgniter\View\{closure}()
#3 D:\xampp\htdocs\codeigniter4\system\Common.php(1089): CodeIgniter\View\View->render('cursos/eliminad...', Array, true)
#4 D:\xampp\htdocs\codeigniter4\app\Controllers\Cursos.php(81): view('cursos/eliminad...', Array)
#5 D:\xampp\htdocs\codeigniter4\system\CodeIgniter.php(825): App\Controllers\Cursos->eliminados()
#6 D:\xampp\htdocs\codeigniter4\system\CodeIgniter.php(412): CodeIgniter\CodeIgniter->runController(Object(App\Controllers\Cursos))
#7 D:\xampp\htdocs\codeigniter4\system\CodeIgniter.php(320): CodeIgniter\CodeIgniter->handleRequest(NULL, Object(Config\Cache), false)
#8 D:\xampp\htdocs\codeigniter4\public\index.php(37): CodeIgniter\CodeIgniter->run()
#9 {main}
CRITICAL - 2022-10-03 09:07:52 --> Undefined index: dni
#0 D:\xampp\htdocs\codeigniter4\app\Views\cursos\eliminados.php(71): CodeIgniter\Debug\Exceptions->errorHandler(8, 'Undefined index...', 'D:\\xampp\\htdocs...', 71, Array)
#1 D:\xampp\htdocs\codeigniter4\system\View\View.php(210): include('D:\\xampp\\htdocs...')
#2 D:\xampp\htdocs\codeigniter4\system\View\View.php(213): CodeIgniter\View\View->CodeIgniter\View\{closure}()
#3 D:\xampp\htdocs\codeigniter4\system\Common.php(1089): CodeIgniter\View\View->render('cursos/eliminad...', Array, true)
#4 D:\xampp\htdocs\codeigniter4\app\Controllers\Cursos.php(81): view('cursos/eliminad...', Array)
#5 D:\xampp\htdocs\codeigniter4\system\CodeIgniter.php(825): App\Controllers\Cursos->eliminados()
#6 D:\xampp\htdocs\codeigniter4\system\CodeIgniter.php(412): CodeIgniter\CodeIgniter->runController(Object(App\Controllers\Cursos))
#7 D:\xampp\htdocs\codeigniter4\system\CodeIgniter.php(320): CodeIgniter\CodeIgniter->handleRequest(NULL, Object(Config\Cache), false)
#8 D:\xampp\htdocs\codeigniter4\public\index.php(37): CodeIgniter\CodeIgniter->run()
#9 {main}
