CRITICAL - 2022-09-27 09:56:26 --> syntax error, unexpected '=', expecting ']'
#0 D:\xampp\htdocs\codeigniter4\system\Router\Router.php(175): CodeIgniter\Router\Router->autoRoute('alumnos')
#1 D:\xampp\htdocs\codeigniter4\system\CodeIgniter.php(719): CodeIgniter\Router\Router->handle('alumnos')
#2 D:\xampp\htdocs\codeigniter4\system\CodeIgniter.php(361): CodeIgniter\CodeIgniter->tryToRouteIt(Object(CodeIgniter\Router\RouteCollection))
#3 D:\xampp\htdocs\codeigniter4\system\CodeIgniter.php(320): CodeIgniter\CodeIgniter->handleRequest(NULL, Object(Config\Cache), false)
#4 D:\xampp\htdocs\codeigniter4\public\index.php(37): CodeIgniter\CodeIgniter->run()
#5 {main}
CRITICAL - 2022-09-27 09:56:48 --> syntax error, unexpected '=', expecting ']'
#0 D:\xampp\htdocs\codeigniter4\system\Router\Router.php(175): CodeIgniter\Router\Router->autoRoute('alumnos')
#1 D:\xampp\htdocs\codeigniter4\system\CodeIgniter.php(719): CodeIgniter\Router\Router->handle('alumnos')
#2 D:\xampp\htdocs\codeigniter4\system\CodeIgniter.php(361): CodeIgniter\CodeIgniter->tryToRouteIt(Object(CodeIgniter\Router\RouteCollection))
#3 D:\xampp\htdocs\codeigniter4\system\CodeIgniter.php(320): CodeIgniter\CodeIgniter->handleRequest(NULL, Object(Config\Cache), false)
#4 D:\xampp\htdocs\codeigniter4\public\index.php(37): CodeIgniter\CodeIgniter->run()
#5 {main}
CRITICAL - 2022-09-27 09:57:03 --> syntax error, unexpected end of file, expecting function (T_FUNCTION) or const (T_CONST)
#0 D:\xampp\htdocs\codeigniter4\system\Router\Router.php(175): CodeIgniter\Router\Router->autoRoute('alumnos')
#1 D:\xampp\htdocs\codeigniter4\system\CodeIgniter.php(719): CodeIgniter\Router\Router->handle('alumnos')
#2 D:\xampp\htdocs\codeigniter4\system\CodeIgniter.php(361): CodeIgniter\CodeIgniter->tryToRouteIt(Object(CodeIgniter\Router\RouteCollection))
#3 D:\xampp\htdocs\codeigniter4\system\CodeIgniter.php(320): CodeIgniter\CodeIgniter->handleRequest(NULL, Object(Config\Cache), false)
#4 D:\xampp\htdocs\codeigniter4\public\index.php(37): CodeIgniter\CodeIgniter->run()
#5 {main}
CRITICAL - 2022-09-27 09:57:59 --> syntax error, unexpected '}', expecting ';'
#0 D:\xampp\htdocs\codeigniter4\system\Router\Router.php(175): CodeIgniter\Router\Router->autoRoute('alumnos')
#1 D:\xampp\htdocs\codeigniter4\system\CodeIgniter.php(719): CodeIgniter\Router\Router->handle('alumnos')
#2 D:\xampp\htdocs\codeigniter4\system\CodeIgniter.php(361): CodeIgniter\CodeIgniter->tryToRouteIt(Object(CodeIgniter\Router\RouteCollection))
#3 D:\xampp\htdocs\codeigniter4\system\CodeIgniter.php(320): CodeIgniter\CodeIgniter->handleRequest(NULL, Object(Config\Cache), false)
#4 D:\xampp\htdocs\codeigniter4\public\index.php(37): CodeIgniter\CodeIgniter->run()
#5 {main}
CRITICAL - 2022-09-27 09:58:17 --> syntax error, unexpected end of file, expecting function (T_FUNCTION) or const (T_CONST)
#0 D:\xampp\htdocs\codeigniter4\system\Router\Router.php(175): CodeIgniter\Router\Router->autoRoute('alumnos')
#1 D:\xampp\htdocs\codeigniter4\system\CodeIgniter.php(719): CodeIgniter\Router\Router->handle('alumnos')
#2 D:\xampp\htdocs\codeigniter4\system\CodeIgniter.php(361): CodeIgniter\CodeIgniter->tryToRouteIt(Object(CodeIgniter\Router\RouteCollection))
#3 D:\xampp\htdocs\codeigniter4\system\CodeIgniter.php(320): CodeIgniter\CodeIgniter->handleRequest(NULL, Object(Config\Cache), false)
#4 D:\xampp\htdocs\codeigniter4\public\index.php(37): CodeIgniter\CodeIgniter->run()
#5 {main}
CRITICAL - 2022-09-27 09:58:40 --> syntax error, unexpected '}', expecting ';'
#0 D:\xampp\htdocs\codeigniter4\system\Router\Router.php(175): CodeIgniter\Router\Router->autoRoute('alumnos')
#1 D:\xampp\htdocs\codeigniter4\system\CodeIgniter.php(719): CodeIgniter\Router\Router->handle('alumnos')
#2 D:\xampp\htdocs\codeigniter4\system\CodeIgniter.php(361): CodeIgniter\CodeIgniter->tryToRouteIt(Object(CodeIgniter\Router\RouteCollection))
#3 D:\xampp\htdocs\codeigniter4\system\CodeIgniter.php(320): CodeIgniter\CodeIgniter->handleRequest(NULL, Object(Config\Cache), false)
#4 D:\xampp\htdocs\codeigniter4\public\index.php(37): CodeIgniter\CodeIgniter->run()
#5 {main}
CRITICAL - 2022-09-27 11:00:29 --> Undefined index: idalumno
#0 D:\xampp\htdocs\codeigniter4\app\Views\profesores\lista.php(41): CodeIgniter\Debug\Exceptions->errorHandler(8, 'Undefined index...', 'D:\\xampp\\htdocs...', 41, Array)
#1 D:\xampp\htdocs\codeigniter4\system\View\View.php(210): include('D:\\xampp\\htdocs...')
#2 D:\xampp\htdocs\codeigniter4\system\View\View.php(213): CodeIgniter\View\View->CodeIgniter\View\{closure}()
#3 D:\xampp\htdocs\codeigniter4\system\Common.php(1089): CodeIgniter\View\View->render('profesores/list...', Array, true)
#4 D:\xampp\htdocs\codeigniter4\app\Controllers\Profesores.php(23): view('profesores/list...', Array)
#5 D:\xampp\htdocs\codeigniter4\system\CodeIgniter.php(825): App\Controllers\Profesores->index()
#6 D:\xampp\htdocs\codeigniter4\system\CodeIgniter.php(412): CodeIgniter\CodeIgniter->runController(Object(App\Controllers\Profesores))
#7 D:\xampp\htdocs\codeigniter4\system\CodeIgniter.php(320): CodeIgniter\CodeIgniter->handleRequest(NULL, Object(Config\Cache), false)
#8 D:\xampp\htdocs\codeigniter4\public\index.php(37): CodeIgniter\CodeIgniter->run()
#9 {main}
CRITICAL - 2022-09-27 11:09:48 --> Invalid file: profesores/eliminados.php
#0 D:\xampp\htdocs\codeigniter4\system\View\View.php(198): CodeIgniter\Exceptions\FrameworkException::forInvalidFile('profesores/elim...')
#1 D:\xampp\htdocs\codeigniter4\system\Common.php(1089): CodeIgniter\View\View->render('profesores/elim...', Array, true)
#2 D:\xampp\htdocs\codeigniter4\app\Controllers\Profesores.php(81): view('profesores/elim...', Array)
#3 D:\xampp\htdocs\codeigniter4\system\CodeIgniter.php(825): App\Controllers\Profesores->eliminados()
#4 D:\xampp\htdocs\codeigniter4\system\CodeIgniter.php(412): CodeIgniter\CodeIgniter->runController(Object(App\Controllers\Profesores))
#5 D:\xampp\htdocs\codeigniter4\system\CodeIgniter.php(320): CodeIgniter\CodeIgniter->handleRequest(NULL, Object(Config\Cache), false)
#6 D:\xampp\htdocs\codeigniter4\public\index.php(37): CodeIgniter\CodeIgniter->run()
#7 {main}
CRITICAL - 2022-09-27 11:11:59 --> Undefined index: idalumno
#0 D:\xampp\htdocs\codeigniter4\app\Views\profesores\eliminados.php(70): CodeIgniter\Debug\Exceptions->errorHandler(8, 'Undefined index...', 'D:\\xampp\\htdocs...', 70, Array)
#1 D:\xampp\htdocs\codeigniter4\system\View\View.php(210): include('D:\\xampp\\htdocs...')
#2 D:\xampp\htdocs\codeigniter4\system\View\View.php(213): CodeIgniter\View\View->CodeIgniter\View\{closure}()
#3 D:\xampp\htdocs\codeigniter4\system\Common.php(1089): CodeIgniter\View\View->render('profesores/elim...', Array, true)
#4 D:\xampp\htdocs\codeigniter4\app\Controllers\Profesores.php(81): view('profesores/elim...', Array)
#5 D:\xampp\htdocs\codeigniter4\system\CodeIgniter.php(825): App\Controllers\Profesores->eliminados()
#6 D:\xampp\htdocs\codeigniter4\system\CodeIgniter.php(412): CodeIgniter\CodeIgniter->runController(Object(App\Controllers\Profesores))
#7 D:\xampp\htdocs\codeigniter4\system\CodeIgniter.php(320): CodeIgniter\CodeIgniter->handleRequest(NULL, Object(Config\Cache), false)
#8 D:\xampp\htdocs\codeigniter4\public\index.php(37): CodeIgniter\CodeIgniter->run()
#9 {main}
CRITICAL - 2022-09-27 11:13:59 --> Invalid file: profesores/editar.php
#0 D:\xampp\htdocs\codeigniter4\system\View\View.php(198): CodeIgniter\Exceptions\FrameworkException::forInvalidFile('profesores/edit...')
#1 D:\xampp\htdocs\codeigniter4\system\Common.php(1089): CodeIgniter\View\View->render('profesores/edit...', Array, true)
#2 D:\xampp\htdocs\codeigniter4\app\Controllers\Profesores.php(51): view('profesores/edit...', Array)
#3 D:\xampp\htdocs\codeigniter4\system\CodeIgniter.php(825): App\Controllers\Profesores->editar('1')
#4 D:\xampp\htdocs\codeigniter4\system\CodeIgniter.php(412): CodeIgniter\CodeIgniter->runController(Object(App\Controllers\Profesores))
#5 D:\xampp\htdocs\codeigniter4\system\CodeIgniter.php(320): CodeIgniter\CodeIgniter->handleRequest(NULL, Object(Config\Cache), false)
#6 D:\xampp\htdocs\codeigniter4\public\index.php(37): CodeIgniter\CodeIgniter->run()
#7 {main}
ERROR - 2022-09-27 11:15:10 --> Duplicate entry '60427295' for key 'DNI'
CRITICAL - 2022-09-27 11:15:10 --> Duplicate entry '60427295' for key 'DNI'
#0 D:\xampp\htdocs\codeigniter4\system\Database\MySQLi\Connection.php(292): mysqli->query('UPDATE `alumnos...', 0)
#1 D:\xampp\htdocs\codeigniter4\system\Database\BaseConnection.php(670): CodeIgniter\Database\MySQLi\Connection->execute('UPDATE `alumnos...')
#2 D:\xampp\htdocs\codeigniter4\system\Database\BaseConnection.php(598): CodeIgniter\Database\BaseConnection->simpleQuery('UPDATE `alumnos...')
#3 D:\xampp\htdocs\codeigniter4\system\Database\BaseBuilder.php(1913): CodeIgniter\Database\BaseConnection->query('UPDATE `alumnos...', Array, false)
#4 D:\xampp\htdocs\codeigniter4\system\Model.php(298): CodeIgniter\Database\BaseBuilder->update()
#5 D:\xampp\htdocs\codeigniter4\system\BaseModel.php(865): CodeIgniter\Model->doUpdate(NULL, Array)
#6 D:\xampp\htdocs\codeigniter4\system\Model.php(651): CodeIgniter\BaseModel->update(NULL, Array)
#7 D:\xampp\htdocs\codeigniter4\app\Controllers\Alumnos.php(62): CodeIgniter\Model->update(NULL, Array)
#8 D:\xampp\htdocs\codeigniter4\system\CodeIgniter.php(825): App\Controllers\Alumnos->actualizar()
#9 D:\xampp\htdocs\codeigniter4\system\CodeIgniter.php(412): CodeIgniter\CodeIgniter->runController(Object(App\Controllers\Alumnos))
#10 D:\xampp\htdocs\codeigniter4\system\CodeIgniter.php(320): CodeIgniter\CodeIgniter->handleRequest(NULL, Object(Config\Cache), false)
#11 D:\xampp\htdocs\codeigniter4\public\index.php(37): CodeIgniter\CodeIgniter->run()
#12 {main}
