CRITICAL - 2022-09-12 08:11:50 --> syntax error, unexpected '(', expecting variable (T_VARIABLE)
#0 D:\xampp\htdocs\codeigniter4\system\Router\Router.php(175): CodeIgniter\Router\Router->autoRoute('Inicio/index/Da...')
#1 D:\xampp\htdocs\codeigniter4\system\CodeIgniter.php(719): CodeIgniter\Router\Router->handle('Inicio/index/Da...')
#2 D:\xampp\htdocs\codeigniter4\system\CodeIgniter.php(361): CodeIgniter\CodeIgniter->tryToRouteIt(Object(CodeIgniter\Router\RouteCollection))
#3 D:\xampp\htdocs\codeigniter4\system\CodeIgniter.php(320): CodeIgniter\CodeIgniter->handleRequest(NULL, Object(Config\Cache), false)
#4 D:\xampp\htdocs\codeigniter4\public\index.php(37): CodeIgniter\CodeIgniter->run()
#5 {main}
CRITICAL - 2022-09-12 08:12:05 --> syntax error, unexpected '(', expecting variable (T_VARIABLE)
#0 D:\xampp\htdocs\codeigniter4\system\Router\Router.php(175): CodeIgniter\Router\Router->autoRoute('Inicio/index/Da...')
#1 D:\xampp\htdocs\codeigniter4\system\CodeIgniter.php(719): CodeIgniter\Router\Router->handle('Inicio/index/Da...')
#2 D:\xampp\htdocs\codeigniter4\system\CodeIgniter.php(361): CodeIgniter\CodeIgniter->tryToRouteIt(Object(CodeIgniter\Router\RouteCollection))
#3 D:\xampp\htdocs\codeigniter4\system\CodeIgniter.php(320): CodeIgniter\CodeIgniter->handleRequest(NULL, Object(Config\Cache), false)
#4 D:\xampp\htdocs\codeigniter4\public\index.php(37): CodeIgniter\CodeIgniter->run()
#5 {main}
CRITICAL - 2022-09-12 08:12:06 --> syntax error, unexpected '(', expecting variable (T_VARIABLE)
#0 D:\xampp\htdocs\codeigniter4\system\Router\Router.php(175): CodeIgniter\Router\Router->autoRoute('Inicio/index/Da...')
#1 D:\xampp\htdocs\codeigniter4\system\CodeIgniter.php(719): CodeIgniter\Router\Router->handle('Inicio/index/Da...')
#2 D:\xampp\htdocs\codeigniter4\system\CodeIgniter.php(361): CodeIgniter\CodeIgniter->tryToRouteIt(Object(CodeIgniter\Router\RouteCollection))
#3 D:\xampp\htdocs\codeigniter4\system\CodeIgniter.php(320): CodeIgniter\CodeIgniter->handleRequest(NULL, Object(Config\Cache), false)
#4 D:\xampp\htdocs\codeigniter4\public\index.php(37): CodeIgniter\CodeIgniter->run()
#5 {main}
CRITICAL - 2022-09-12 08:12:07 --> syntax error, unexpected '(', expecting variable (T_VARIABLE)
#0 D:\xampp\htdocs\codeigniter4\system\Router\Router.php(175): CodeIgniter\Router\Router->autoRoute('Inicio/index/Da...')
#1 D:\xampp\htdocs\codeigniter4\system\CodeIgniter.php(719): CodeIgniter\Router\Router->handle('Inicio/index/Da...')
#2 D:\xampp\htdocs\codeigniter4\system\CodeIgniter.php(361): CodeIgniter\CodeIgniter->tryToRouteIt(Object(CodeIgniter\Router\RouteCollection))
#3 D:\xampp\htdocs\codeigniter4\system\CodeIgniter.php(320): CodeIgniter\CodeIgniter->handleRequest(NULL, Object(Config\Cache), false)
#4 D:\xampp\htdocs\codeigniter4\public\index.php(37): CodeIgniter\CodeIgniter->run()
#5 {main}
CRITICAL - 2022-09-12 08:12:07 --> syntax error, unexpected '(', expecting variable (T_VARIABLE)
#0 D:\xampp\htdocs\codeigniter4\system\Router\Router.php(175): CodeIgniter\Router\Router->autoRoute('Inicio/index/Da...')
#1 D:\xampp\htdocs\codeigniter4\system\CodeIgniter.php(719): CodeIgniter\Router\Router->handle('Inicio/index/Da...')
#2 D:\xampp\htdocs\codeigniter4\system\CodeIgniter.php(361): CodeIgniter\CodeIgniter->tryToRouteIt(Object(CodeIgniter\Router\RouteCollection))
#3 D:\xampp\htdocs\codeigniter4\system\CodeIgniter.php(320): CodeIgniter\CodeIgniter->handleRequest(NULL, Object(Config\Cache), false)
#4 D:\xampp\htdocs\codeigniter4\public\index.php(37): CodeIgniter\CodeIgniter->run()
#5 {main}
CRITICAL - 2022-09-12 08:13:36 --> syntax error, unexpected '(', expecting variable (T_VARIABLE)
#0 D:\xampp\htdocs\codeigniter4\system\Router\Router.php(175): CodeIgniter\Router\Router->autoRoute('Inicio/index/Da...')
#1 D:\xampp\htdocs\codeigniter4\system\CodeIgniter.php(719): CodeIgniter\Router\Router->handle('Inicio/index/Da...')
#2 D:\xampp\htdocs\codeigniter4\system\CodeIgniter.php(361): CodeIgniter\CodeIgniter->tryToRouteIt(Object(CodeIgniter\Router\RouteCollection))
#3 D:\xampp\htdocs\codeigniter4\system\CodeIgniter.php(320): CodeIgniter\CodeIgniter->handleRequest(NULL, Object(Config\Cache), false)
#4 D:\xampp\htdocs\codeigniter4\public\index.php(37): CodeIgniter\CodeIgniter->run()
#5 {main}
CRITICAL - 2022-09-12 08:15:24 --> syntax error, unexpected '(', expecting variable (T_VARIABLE)
#0 D:\xampp\htdocs\codeigniter4\system\Router\Router.php(175): CodeIgniter\Router\Router->autoRoute('Inicio/index/Da...')
#1 D:\xampp\htdocs\codeigniter4\system\CodeIgniter.php(719): CodeIgniter\Router\Router->handle('Inicio/index/Da...')
#2 D:\xampp\htdocs\codeigniter4\system\CodeIgniter.php(361): CodeIgniter\CodeIgniter->tryToRouteIt(Object(CodeIgniter\Router\RouteCollection))
#3 D:\xampp\htdocs\codeigniter4\system\CodeIgniter.php(320): CodeIgniter\CodeIgniter->handleRequest(NULL, Object(Config\Cache), false)
#4 D:\xampp\htdocs\codeigniter4\public\index.php(37): CodeIgniter\CodeIgniter->run()
#5 {main}
CRITICAL - 2022-09-12 08:15:47 --> syntax error, unexpected '(', expecting variable (T_VARIABLE)
#0 D:\xampp\htdocs\codeigniter4\system\Router\Router.php(175): CodeIgniter\Router\Router->autoRoute('Inicio/index/Da...')
#1 D:\xampp\htdocs\codeigniter4\system\CodeIgniter.php(719): CodeIgniter\Router\Router->handle('Inicio/index/Da...')
#2 D:\xampp\htdocs\codeigniter4\system\CodeIgniter.php(361): CodeIgniter\CodeIgniter->tryToRouteIt(Object(CodeIgniter\Router\RouteCollection))
#3 D:\xampp\htdocs\codeigniter4\system\CodeIgniter.php(320): CodeIgniter\CodeIgniter->handleRequest(NULL, Object(Config\Cache), false)
#4 D:\xampp\htdocs\codeigniter4\public\index.php(37): CodeIgniter\CodeIgniter->run()
#5 {main}
CRITICAL - 2022-09-12 08:29:41 --> syntax error, unexpected '(', expecting variable (T_VARIABLE)
#0 D:\xampp\htdocs\codeigniter4\system\Router\Router.php(175): CodeIgniter\Router\Router->autoRoute('Inicio/veralumn...')
#1 D:\xampp\htdocs\codeigniter4\system\CodeIgniter.php(719): CodeIgniter\Router\Router->handle('Inicio/veralumn...')
#2 D:\xampp\htdocs\codeigniter4\system\CodeIgniter.php(361): CodeIgniter\CodeIgniter->tryToRouteIt(Object(CodeIgniter\Router\RouteCollection))
#3 D:\xampp\htdocs\codeigniter4\system\CodeIgniter.php(320): CodeIgniter\CodeIgniter->handleRequest(NULL, Object(Config\Cache), false)
#4 D:\xampp\htdocs\codeigniter4\public\index.php(37): CodeIgniter\CodeIgniter->run()
#5 {main}
CRITICAL - 2022-09-12 08:33:50 --> syntax error, unexpected '(', expecting variable (T_VARIABLE)
#0 D:\xampp\htdocs\codeigniter4\system\Router\Router.php(175): CodeIgniter\Router\Router->autoRoute('Inicio/alumnos/...')
#1 D:\xampp\htdocs\codeigniter4\system\CodeIgniter.php(719): CodeIgniter\Router\Router->handle('Inicio/alumnos/...')
#2 D:\xampp\htdocs\codeigniter4\system\CodeIgniter.php(361): CodeIgniter\CodeIgniter->tryToRouteIt(Object(CodeIgniter\Router\RouteCollection))
#3 D:\xampp\htdocs\codeigniter4\system\CodeIgniter.php(320): CodeIgniter\CodeIgniter->handleRequest(NULL, Object(Config\Cache), false)
#4 D:\xampp\htdocs\codeigniter4\public\index.php(37): CodeIgniter\CodeIgniter->run()
#5 {main}
CRITICAL - 2022-09-12 08:34:03 --> syntax error, unexpected '(', expecting variable (T_VARIABLE)
#0 D:\xampp\htdocs\codeigniter4\system\Router\Router.php(175): CodeIgniter\Router\Router->autoRoute('Inicio/alumnos/...')
#1 D:\xampp\htdocs\codeigniter4\system\CodeIgniter.php(719): CodeIgniter\Router\Router->handle('Inicio/alumnos/...')
#2 D:\xampp\htdocs\codeigniter4\system\CodeIgniter.php(361): CodeIgniter\CodeIgniter->tryToRouteIt(Object(CodeIgniter\Router\RouteCollection))
#3 D:\xampp\htdocs\codeigniter4\system\CodeIgniter.php(320): CodeIgniter\CodeIgniter->handleRequest(NULL, Object(Config\Cache), false)
#4 D:\xampp\htdocs\codeigniter4\public\index.php(37): CodeIgniter\CodeIgniter->run()
#5 {main}
ERROR - 2022-09-12 08:35:40 --> Error connecting to the database: Access denied for user ''@'localhost' (using password: NO)
CRITICAL - 2022-09-12 08:35:40 --> Unable to connect to the database.
Main connection [MySQLi]: Access denied for user ''@'localhost' (using password: NO)
#0 D:\xampp\htdocs\codeigniter4\system\Database\BaseConnection.php(577): CodeIgniter\Database\BaseConnection->initialize()
#1 D:\xampp\htdocs\codeigniter4\system\Database\BaseBuilder.php(1455): CodeIgniter\Database\BaseConnection->query('SELECT *\nFROM `...', Array, false)
#2 D:\xampp\htdocs\codeigniter4\system\Model.php(183): CodeIgniter\Database\BaseBuilder->get()
#3 D:\xampp\htdocs\codeigniter4\system\BaseModel.php(584): CodeIgniter\Model->doFindAll(0, 0)
#4 D:\xampp\htdocs\codeigniter4\app\Controllers\Inicio.php(27): CodeIgniter\BaseModel->findAll()
#5 D:\xampp\htdocs\codeigniter4\system\CodeIgniter.php(825): App\Controllers\Inicio->veralumnos()
#6 D:\xampp\htdocs\codeigniter4\system\CodeIgniter.php(412): CodeIgniter\CodeIgniter->runController(Object(App\Controllers\Inicio))
#7 D:\xampp\htdocs\codeigniter4\system\CodeIgniter.php(320): CodeIgniter\CodeIgniter->handleRequest(NULL, Object(Config\Cache), false)
#8 D:\xampp\htdocs\codeigniter4\public\index.php(37): CodeIgniter\CodeIgniter->run()
#9 {main}
CRITICAL - 2022-09-12 08:43:05 --> Undefined index: nombre
#0 D:\xampp\htdocs\codeigniter4\app\Views\alumnos\lista.php(25): CodeIgniter\Debug\Exceptions->errorHandler(8, 'Undefined index...', 'D:\\xampp\\htdocs...', 25, Array)
#1 D:\xampp\htdocs\codeigniter4\system\View\View.php(210): include('D:\\xampp\\htdocs...')
#2 D:\xampp\htdocs\codeigniter4\system\View\View.php(213): CodeIgniter\View\View->CodeIgniter\View\{closure}()
#3 D:\xampp\htdocs\codeigniter4\system\Common.php(1089): CodeIgniter\View\View->render('alumnos/lista', Array, true)
#4 D:\xampp\htdocs\codeigniter4\app\Controllers\Inicio.php(32): view('alumnos/lista', Array)
#5 D:\xampp\htdocs\codeigniter4\system\CodeIgniter.php(825): App\Controllers\Inicio->veralumnos()
#6 D:\xampp\htdocs\codeigniter4\system\CodeIgniter.php(412): CodeIgniter\CodeIgniter->runController(Object(App\Controllers\Inicio))
#7 D:\xampp\htdocs\codeigniter4\system\CodeIgniter.php(320): CodeIgniter\CodeIgniter->handleRequest(NULL, Object(Config\Cache), false)
#8 D:\xampp\htdocs\codeigniter4\public\index.php(37): CodeIgniter\CodeIgniter->run()
#9 {main}
CRITICAL - 2022-09-12 08:44:10 --> Undefined index: DNI
#0 D:\xampp\htdocs\codeigniter4\app\Views\alumnos\lista.php(27): CodeIgniter\Debug\Exceptions->errorHandler(8, 'Undefined index...', 'D:\\xampp\\htdocs...', 27, Array)
#1 D:\xampp\htdocs\codeigniter4\system\View\View.php(210): include('D:\\xampp\\htdocs...')
#2 D:\xampp\htdocs\codeigniter4\system\View\View.php(213): CodeIgniter\View\View->CodeIgniter\View\{closure}()
#3 D:\xampp\htdocs\codeigniter4\system\Common.php(1089): CodeIgniter\View\View->render('alumnos/lista', Array, true)
#4 D:\xampp\htdocs\codeigniter4\app\Controllers\Inicio.php(32): view('alumnos/lista', Array)
#5 D:\xampp\htdocs\codeigniter4\system\CodeIgniter.php(825): App\Controllers\Inicio->veralumnos()
#6 D:\xampp\htdocs\codeigniter4\system\CodeIgniter.php(412): CodeIgniter\CodeIgniter->runController(Object(App\Controllers\Inicio))
#7 D:\xampp\htdocs\codeigniter4\system\CodeIgniter.php(320): CodeIgniter\CodeIgniter->handleRequest(NULL, Object(Config\Cache), false)
#8 D:\xampp\htdocs\codeigniter4\public\index.php(37): CodeIgniter\CodeIgniter->run()
#9 {main}
CRITICAL - 2022-09-12 09:09:08 --> Cannot redeclare App\Controllers\Inicio::__construct()
#0 [internal function]: CodeIgniter\Debug\Exceptions->shutdownHandler()
#1 {main}
CRITICAL - 2022-09-12 09:09:23 --> Cannot redeclare App\Controllers\Inicio::__construct()
#0 [internal function]: CodeIgniter\Debug\Exceptions->shutdownHandler()
#1 {main}
CRITICAL - 2022-09-12 09:10:30 --> Undefined index: idalumno
#0 D:\xampp\htdocs\codeigniter4\app\Views\profesores\lista.php(56): CodeIgniter\Debug\Exceptions->errorHandler(8, 'Undefined index...', 'D:\\xampp\\htdocs...', 56, Array)
#1 D:\xampp\htdocs\codeigniter4\system\View\View.php(210): include('D:\\xampp\\htdocs...')
#2 D:\xampp\htdocs\codeigniter4\system\View\View.php(213): CodeIgniter\View\View->CodeIgniter\View\{closure}()
#3 D:\xampp\htdocs\codeigniter4\system\Common.php(1089): CodeIgniter\View\View->render('profesores/list...', Array, true)
#4 D:\xampp\htdocs\codeigniter4\app\Controllers\Inicio.php(43): view('profesores/list...', Array)
#5 D:\xampp\htdocs\codeigniter4\system\CodeIgniter.php(825): App\Controllers\Inicio->verprofesores()
#6 D:\xampp\htdocs\codeigniter4\system\CodeIgniter.php(412): CodeIgniter\CodeIgniter->runController(Object(App\Controllers\Inicio))
#7 D:\xampp\htdocs\codeigniter4\system\CodeIgniter.php(320): CodeIgniter\CodeIgniter->handleRequest(NULL, Object(Config\Cache), false)
#8 D:\xampp\htdocs\codeigniter4\public\index.php(37): CodeIgniter\CodeIgniter->run()
#9 {main}
CRITICAL - 2022-09-12 09:11:01 --> Undefined index: idalumno
#0 D:\xampp\htdocs\codeigniter4\app\Views\profesores\lista.php(56): CodeIgniter\Debug\Exceptions->errorHandler(8, 'Undefined index...', 'D:\\xampp\\htdocs...', 56, Array)
#1 D:\xampp\htdocs\codeigniter4\system\View\View.php(210): include('D:\\xampp\\htdocs...')
#2 D:\xampp\htdocs\codeigniter4\system\View\View.php(213): CodeIgniter\View\View->CodeIgniter\View\{closure}()
#3 D:\xampp\htdocs\codeigniter4\system\Common.php(1089): CodeIgniter\View\View->render('profesores/list...', Array, true)
#4 D:\xampp\htdocs\codeigniter4\app\Controllers\Inicio.php(43): view('profesores/list...', Array)
#5 D:\xampp\htdocs\codeigniter4\system\CodeIgniter.php(825): App\Controllers\Inicio->verprofesores()
#6 D:\xampp\htdocs\codeigniter4\system\CodeIgniter.php(412): CodeIgniter\CodeIgniter->runController(Object(App\Controllers\Inicio))
#7 D:\xampp\htdocs\codeigniter4\system\CodeIgniter.php(320): CodeIgniter\CodeIgniter->handleRequest(NULL, Object(Config\Cache), false)
#8 D:\xampp\htdocs\codeigniter4\public\index.php(37): CodeIgniter\CodeIgniter->run()
#9 {main}
CRITICAL - 2022-09-12 09:11:02 --> Undefined index: idalumno
#0 D:\xampp\htdocs\codeigniter4\app\Views\profesores\lista.php(56): CodeIgniter\Debug\Exceptions->errorHandler(8, 'Undefined index...', 'D:\\xampp\\htdocs...', 56, Array)
#1 D:\xampp\htdocs\codeigniter4\system\View\View.php(210): include('D:\\xampp\\htdocs...')
#2 D:\xampp\htdocs\codeigniter4\system\View\View.php(213): CodeIgniter\View\View->CodeIgniter\View\{closure}()
#3 D:\xampp\htdocs\codeigniter4\system\Common.php(1089): CodeIgniter\View\View->render('profesores/list...', Array, true)
#4 D:\xampp\htdocs\codeigniter4\app\Controllers\Inicio.php(43): view('profesores/list...', Array)
#5 D:\xampp\htdocs\codeigniter4\system\CodeIgniter.php(825): App\Controllers\Inicio->verprofesores()
#6 D:\xampp\htdocs\codeigniter4\system\CodeIgniter.php(412): CodeIgniter\CodeIgniter->runController(Object(App\Controllers\Inicio))
#7 D:\xampp\htdocs\codeigniter4\system\CodeIgniter.php(320): CodeIgniter\CodeIgniter->handleRequest(NULL, Object(Config\Cache), false)
#8 D:\xampp\htdocs\codeigniter4\public\index.php(37): CodeIgniter\CodeIgniter->run()
#9 {main}
CRITICAL - 2022-09-12 10:35:44 --> Use of undefined constant APPATH - assumed 'APPATH' (this will throw an Error in a future version of PHP)
#0 D:\xampp\htdocs\codeigniter4\app\Views\cursos\lista.php(7): CodeIgniter\Debug\Exceptions->errorHandler(2, 'Use of undefine...', 'D:\\xampp\\htdocs...', 7, Array)
#1 D:\xampp\htdocs\codeigniter4\system\View\View.php(210): include('D:\\xampp\\htdocs...')
#2 D:\xampp\htdocs\codeigniter4\system\View\View.php(213): CodeIgniter\View\View->CodeIgniter\View\{closure}()
#3 D:\xampp\htdocs\codeigniter4\system\Common.php(1089): CodeIgniter\View\View->render('cursos/lista', Array, true)
#4 D:\xampp\htdocs\codeigniter4\app\Controllers\Inicio.php(54): view('cursos/lista', Array)
#5 D:\xampp\htdocs\codeigniter4\system\CodeIgniter.php(825): App\Controllers\Inicio->vercursos()
#6 D:\xampp\htdocs\codeigniter4\system\CodeIgniter.php(412): CodeIgniter\CodeIgniter->runController(Object(App\Controllers\Inicio))
#7 D:\xampp\htdocs\codeigniter4\system\CodeIgniter.php(320): CodeIgniter\CodeIgniter->handleRequest(NULL, Object(Config\Cache), false)
#8 D:\xampp\htdocs\codeigniter4\public\index.php(37): CodeIgniter\CodeIgniter->run()
#9 {main}
CRITICAL - 2022-09-12 10:53:49 --> Use of undefined constant base - assumed 'base' (this will throw an Error in a future version of PHP)
#0 D:\xampp\htdocs\codeigniter4\app\Views\cursos\lista.php(7): CodeIgniter\Debug\Exceptions->errorHandler(2, 'Use of undefine...', 'D:\\xampp\\htdocs...', 7, Array)
#1 D:\xampp\htdocs\codeigniter4\system\View\View.php(210): include('D:\\xampp\\htdocs...')
#2 D:\xampp\htdocs\codeigniter4\system\View\View.php(213): CodeIgniter\View\View->CodeIgniter\View\{closure}()
#3 D:\xampp\htdocs\codeigniter4\system\Common.php(1089): CodeIgniter\View\View->render('cursos/lista', Array, true)
#4 D:\xampp\htdocs\codeigniter4\app\Controllers\Inicio.php(54): view('cursos/lista', Array)
#5 D:\xampp\htdocs\codeigniter4\system\CodeIgniter.php(825): App\Controllers\Inicio->vercursos()
#6 D:\xampp\htdocs\codeigniter4\system\CodeIgniter.php(412): CodeIgniter\CodeIgniter->runController(Object(App\Controllers\Inicio))
#7 D:\xampp\htdocs\codeigniter4\system\CodeIgniter.php(320): CodeIgniter\CodeIgniter->handleRequest(NULL, Object(Config\Cache), false)
#8 D:\xampp\htdocs\codeigniter4\public\index.php(37): CodeIgniter\CodeIgniter->run()
#9 {main}
